<?xml version="1.0" encoding="UTF-8"?>
<!-- Generated by org.testng.reporters.JUnitReportReporter -->
<testsuite skipped="0" hostname="IN-00001287" name="poc.Test2" tests="1" failures="0" timestamp="2020-05-29T01:06:59 IST" time="8.198" errors="0">
  <testcase name="mymain" time="8.198" classname="poc.Test2"/>
</testsuite> <!-- poc.Test2 -->
